# JRE version: Java(TM) SE Runtime Environment (9.0+11) (build 9.0.4+11)
# Java VM: Java HotSpot(TM) 64-Bit Server VM (9.0.4+11, mixed mode, tiered, compressed oops, g1 gc, windows-amd64)
Heap:
 garbage-first heap   total 520192K, used 189661K [0x0000000700000000, 0x0000000700100fe0, 0x00000007c0000000)
  region size 1024K, 30 young (30720K), 1 survivors (1024K)
 Metaspace       used 104257K, capacity 106859K, committed 113664K, reserved 1146880K
  class space    used 14706K, capacity 15231K, committed 16640K, reserved 1048576K
GC Heap History (10 events):
Event: 12367.525 GC heap before
{Heap before GC invocations=1525 (full 372):
 garbage-first heap   total 520192K, used 221474K [0x0000000700000000, 0x0000000700100fe0, 0x00000007c0000000)
  region size 1024K, 60 young (61440K), 1 survivors (1024K)
 Metaspace       used 104252K, capacity 106853K, committed 113664K, reserved 1146880K
  class space    used 14705K, capacity 15230K, committed 16640K, reserved 1048576K
}
Event: 12367.533 GC heap after
{Heap after GC invocations=1526 (full 372):
 garbage-first heap   total 520192K, used 161122K [0x0000000700000000, 0x0000000700100fe0, 0x00000007c0000000)
  region size 1024K, 1 young (1024K), 1 survivors (1024K)
 Metaspace       used 104252K, capacity 106853K, committed 113664K, reserved 1146880K
  class space    used 14705K, capacity 15230K, committed 16640K, reserved 1048576K
}
Event: 12407.947 GC heap before
{Heap before GC invocations=1526 (full 372):
 garbage-first heap   total 520192K, used 221538K [0x0000000700000000, 0x0000000700100fe0, 0x00000007c0000000)
  region size 1024K, 60 young (61440K), 1 survivors (1024K)
 Metaspace       used 104253K, capacity 106853K, committed 113664K, reserved 1146880K
  class space    used 14705K, capacity 15230K, committed 16640K, reserved 1048576K
}
Event: 12407.951 GC heap after
{Heap after GC invocations=1527 (full 372):
 garbage-first heap   total 520192K, used 161065K [0x0000000700000000, 0x0000000700100fe0, 0x00000007c0000000)
  region size 1024K, 1 young (1024K), 1 survivors (1024K)
 Metaspace       used 104253K, capacity 106853K, committed 113664K, reserved 1146880K
  class space    used 14705K, capacity 15230K, committed 16640K, reserved 1048576K
}
Event: 12463.345 GC heap before
{Heap before GC invocations=1527 (full 372):
 garbage-first heap   total 520192K, used 221481K [0x0000000700000000, 0x0000000700100fe0, 0x00000007c0000000)
  region size 1024K, 60 young (61440K), 1 survivors (1024K)
 Metaspace       used 104253K, capacity 106853K, committed 113664K, reserved 1146880K
  class space    used 14705K, capacity 15230K, committed 16640K, reserved 1048576K
}
Event: 12463.352 GC heap after
{Heap after GC invocations=1528 (full 372):
 garbage-first heap   total 520192K, used 160997K [0x0000000700000000, 0x0000000700100fe0, 0x00000007c0000000)
  region size 1024K, 1 young (1024K), 1 survivors (1024K)
 Metaspace       used 104253K, capacity 106853K, committed 113664K, reserved 1146880K
  class space    used 14705K, capacity 15230K, committed 16640K, reserved 1048576K
}
Event: 12512.280 GC heap before
{Heap before GC invocations=1528 (full 372):
 garbage-first heap   total 520192K, used 221413K [0x0000000700000000, 0x0000000700100fe0, 0x00000007c0000000)
  region size 1024K, 60 young (61440K), 1 survivors (1024K)
 Metaspace       used 104257K, capacity 106859K, committed 113664K, reserved 1146880K
  class space    used 14706K, capacity 15231K, committed 16640K, reserved 1048576K
}
Event: 12512.285 GC heap after
{Heap after GC invocations=1529 (full 372):
 garbage-first heap   total 520192K, used 160999K [0x0000000700000000, 0x0000000700100fe0, 0x00000007c0000000)
  region size 1024K, 1 young (1024K), 1 survivors (1024K)
 Metaspace       used 104257K, capacity 106859K, committed 113664K, reserved 1146880K
  class space    used 14706K, capacity 15231K, committed 16640K, reserved 1048576K
}
Event: 12557.933 GC heap before
{Heap before GC invocations=1529 (full 372):
 garbage-first heap   total 520192K, used 221415K [0x0000000700000000, 0x0000000700100fe0, 0x00000007c0000000)
  region size 1024K, 60 young (61440K), 1 survivors (1024K)
 Metaspace       used 104257K, capacity 106859K, committed 113664K, reserved 1146880K
  class space    used 14706K, capacity 15231K, committed 16640K, reserved 1048576K
}
Event: 12557.938 GC heap after
{Heap after GC invocations=1530 (full 372):
 garbage-first heap   total 520192K, used 160989K [0x0000000700000000, 0x0000000700100fe0, 0x00000007c0000000)
  region size 1024K, 1 young (1024K), 1 survivors (1024K)
 Metaspace       used 104257K, capacity 106859K, committed 113664K, reserved 1146880K
  class space    used 14706K, capacity 15231K, committed 16640K, reserved 1048576K
}

